
          ___           ____  _____ ______
   ____ _/ (_)___ ___  / __ \/ ___// ____/
  / __ `/ / / __ `__ \/ /_/ /\__ \/ __/   
 / /_/ / / / / / / / / ____/___/ / /___   
 \__, /_/_/_/ /_/ /_/_/    /____/_____/   
/____/
             


Running with 2 ranks
Reading parameters from pse_config.yaml
Running with pressure gradient turned on
U Cartesian Shape: (290, 60)
U Curvilinear Shape: (290, 60)
Nondimensionalizing the flow field...
l0 = 0.00017046427985837386
U_inf = 20.494257167690883
X0 = 0.1588062863677858
Re = 931.6103438193982
nu nondim = 0.0010734101511799656
omega nondim = 0.09720621190145416
F = 104.34213461277169
GCL condition is NOT satisfied!
Max GCL error = 0.0018022240051937576
Mean GCL error = 0.00010700657632462615
Curved surface baseflow initialized

delta99 = 4.752647213185409
Initializing the NLPSE calculation with Linear solve

Rank 1 handling modes 1 to 1
omega = 0.018621382000000002
beta = 0.0
Initializing mode (1, 0) with LST
Rank 0 handling modes 0 to 0
2 modes in this calculation:

Mode [0 0]: alpha = 0j
Mode [1 0]: alpha = (0.06818881703077437+0.0085211684744748j)
All ranks have finished initializing the NLPSE calculation

Solved station 0
Starting station 1
Rank 0 handling modes [0]
Finished computing mean flow
=============
Saving data...
=============
Data saved to nlpse_data/nlpse_data.h5
Keys in the saved file: ['R', 'U', 'Uy', 'V', 'alpha', 'eigs', 'p', 'u', 'v', 'w', 'x', 'x_alpha', 'xi', 'xx', 'y', 'yy']
Elapsed time so far = 7.614509582519531
Starting station 2
Rank 0 handling modes [0]
Finished computing mean flow
=============
Saving data...
=============
Data saved to nlpse_data/nlpse_data.h5
Keys in the saved file: ['R', 'U', 'Uy', 'V', 'alpha', 'eigs', 'p', 'u', 'v', 'w', 'x', 'x_alpha', 'xi', 'xx', 'y', 'yy']
Elapsed time so far = 8.559487342834473
Starting station 3
Rank 0 handling modes [0]
Finished computing mean flow
=============
Saving data...
=============
Data saved to nlpse_data/nlpse_data.h5
Keys in the saved file: ['R', 'U', 'Uy', 'V', 'alpha', 'eigs', 'p', 'u', 'v', 'w', 'x', 'x_alpha', 'xi', 'xx', 'y', 'yy']
Elapsed time so far = 9.408551454544067
Starting station 4
Rank 0 handling modes [0]
Finished computing mean flow
=============
Saving data...
=============
Data saved to nlpse_data/nlpse_data.h5
Keys in the saved file: ['R', 'U', 'Uy', 'V', 'alpha', 'eigs', 'p', 'u', 'v', 'w', 'x', 'x_alpha', 'xi', 'xx', 'y', 'yy']
Elapsed time so far = 10.324252367019653
Starting station 5
Rank 0 handling modes [0]
Finished computing mean flow
=============
Saving data...
=============
Data saved to nlpse_data/nlpse_data.h5
Keys in the saved file: ['R', 'U', 'Uy', 'V', 'alpha', 'eigs', 'p', 'u', 'v', 'w', 'x', 'x_alpha', 'xi', 'xx', 'y', 'yy']
Elapsed time so far = 11.374408960342407
Starting station 6
Rank 0 handling modes [0]
Finished computing mean flow
=============
Saving data...
=============
Data saved to nlpse_data/nlpse_data.h5
Keys in the saved file: ['R', 'U', 'Uy', 'V', 'alpha', 'eigs', 'p', 'u', 'v', 'w', 'x', 'x_alpha', 'xi', 'xx', 'y', 'yy']
Elapsed time so far = 12.311534404754639
Starting station 7
Rank 0 handling modes [0]
Finished computing mean flow
=============
Saving data...
=============
Data saved to nlpse_data/nlpse_data.h5
Keys in the saved file: ['R', 'U', 'Uy', 'V', 'alpha', 'eigs', 'p', 'u', 'v', 'w', 'x', 'x_alpha', 'xi', 'xx', 'y', 'yy']
Elapsed time so far = 13.302293539047241
Starting station 8
Rank 0 handling modes [0]
Finished computing mean flow
=============
Saving data...
=============
Data saved to nlpse_data/nlpse_data.h5
Keys in the saved file: ['R', 'U', 'Uy', 'V', 'alpha', 'eigs', 'p', 'u', 'v', 'w', 'x', 'x_alpha', 'xi', 'xx', 'y', 'yy']
Elapsed time so far = 14.271904706954956
Starting station 9
Rank 0 handling modes [0]
Finished computing mean flow
=============
Saving data...
=============
Data saved to nlpse_data/nlpse_data.h5
Keys in the saved file: ['R', 'U', 'Uy', 'V', 'alpha', 'eigs', 'p', 'u', 'v', 'w', 'x', 'x_alpha', 'xi', 'xx', 'y', 'yy']
Elapsed time so far = 15.17937970161438
Starting station 10
Rank 0 handling modes [0]
Finished computing mean flow
=============
Saving data...
=============
Data saved to nlpse_data/nlpse_data.h5
Keys in the saved file: ['R', 'U', 'Uy', 'V', 'alpha', 'eigs', 'p', 'u', 'v', 'w', 'x', 'x_alpha', 'xi', 'xx', 'y', 'yy']
Elapsed time so far = 16.07914400100708
Starting station 11
Rank 0 handling modes [0]
Finished computing mean flow
=============
Saving data...
=============
Data saved to nlpse_data/nlpse_data.h5
Keys in the saved file: ['R', 'U', 'Uy', 'V', 'alpha', 'eigs', 'p', 'u', 'v', 'w', 'x', 'x_alpha', 'xi', 'xx', 'y', 'yy']
Elapsed time so far = 16.983996391296387
Starting station 12
Rank 0 handling modes [0]
Finished computing mean flow
=============
Saving data...
=============
Data saved to nlpse_data/nlpse_data.h5
Keys in the saved file: ['R', 'U', 'Uy', 'V', 'alpha', 'eigs', 'p', 'u', 'v', 'w', 'x', 'x_alpha', 'xi', 'xx', 'y', 'yy']
Elapsed time so far = 17.95807933807373
Starting station 13
Rank 0 handling modes [0]
Finished computing mean flow
=============
Saving data...
=============
Data saved to nlpse_data/nlpse_data.h5
Keys in the saved file: ['R', 'U', 'Uy', 'V', 'alpha', 'eigs', 'p', 'u', 'v', 'w', 'x', 'x_alpha', 'xi', 'xx', 'y', 'yy']
Elapsed time so far = 18.84367823600769
Starting station 14
Rank 0 handling modes [0]
Finished computing mean flow
=============
Saving data...
=============
Data saved to nlpse_data/nlpse_data.h5
Keys in the saved file: ['R', 'U', 'Uy', 'V', 'alpha', 'eigs', 'p', 'u', 'v', 'w', 'x', 'x_alpha', 'xi', 'xx', 'y', 'yy']
Elapsed time so far = 19.813663482666016
Starting station 15
Rank 0 handling modes [0]
Finished computing mean flow
=============
Saving data...
=============
Data saved to nlpse_data/nlpse_data.h5
Keys in the saved file: ['R', 'U', 'Uy', 'V', 'alpha', 'eigs', 'p', 'u', 'v', 'w', 'x', 'x_alpha', 'xi', 'xx', 'y', 'yy']
Elapsed time so far = 20.64037275314331
Starting station 16
Rank 0 handling modes [0]
Finished computing mean flow
=============
Saving data...
=============
Data saved to nlpse_data/nlpse_data.h5
Keys in the saved file: ['R', 'U', 'Uy', 'V', 'alpha', 'eigs', 'p', 'u', 'v', 'w', 'x', 'x_alpha', 'xi', 'xx', 'y', 'yy']
Elapsed time so far = 21.6392662525177
Starting station 17
Rank 0 handling modes [0]
Finished computing mean flow
=============
Saving data...
=============
Data saved to nlpse_data/nlpse_data.h5
Keys in the saved file: ['R', 'U', 'Uy', 'V', 'alpha', 'eigs', 'p', 'u', 'v', 'w', 'x', 'x_alpha', 'xi', 'xx', 'y', 'yy']
Elapsed time so far = 22.605334758758545
Starting station 18
Rank 0 handling modes [0]
Finished computing mean flow
=============
Saving data...
=============
Data saved to nlpse_data/nlpse_data.h5
Keys in the saved file: ['R', 'U', 'Uy', 'V', 'alpha', 'eigs', 'p', 'u', 'v', 'w', 'x', 'x_alpha', 'xi', 'xx', 'y', 'yy']
Elapsed time so far = 23.600276231765747
Starting station 19
Rank 0 handling modes [0]
Finished computing mean flow
=============
Saving data...
=============
Data saved to nlpse_data/nlpse_data.h5
Keys in the saved file: ['R', 'U', 'Uy', 'V', 'alpha', 'eigs', 'p', 'u', 'v', 'w', 'x', 'x_alpha', 'xi', 'xx', 'y', 'yy']
Elapsed time so far = 24.560612678527832
Starting station 20
Rank 0 handling modes [0]
Finished computing mean flow
=============
Saving data...
=============
Data saved to nlpse_data/nlpse_data.h5
Keys in the saved file: ['R', 'U', 'Uy', 'V', 'alpha', 'eigs', 'p', 'u', 'v', 'w', 'x', 'x_alpha', 'xi', 'xx', 'y', 'yy']
Elapsed time so far = 25.425405502319336
Starting station 21
Rank 0 handling modes [0]
Finished computing mean flow
=============
Saving data...
=============
Data saved to nlpse_data/nlpse_data.h5
Keys in the saved file: ['R', 'U', 'Uy', 'V', 'alpha', 'eigs', 'p', 'u', 'v', 'w', 'x', 'x_alpha', 'xi', 'xx', 'y', 'yy']
Elapsed time so far = 26.21243667602539
Starting station 22
Rank 0 handling modes [0]
Finished computing mean flow
=============
Saving data...
=============
Data saved to nlpse_data/nlpse_data.h5
Keys in the saved file: ['R', 'U', 'Uy', 'V', 'alpha', 'eigs', 'p', 'u', 'v', 'w', 'x', 'x_alpha', 'xi', 'xx', 'y', 'yy']
Elapsed time so far = 27.140166759490967
Starting station 23
Rank 0 handling modes [0]
Finished computing mean flow
=============
Saving data...
=============
Data saved to nlpse_data/nlpse_data.h5
Keys in the saved file: ['R', 'U', 'Uy', 'V', 'alpha', 'eigs', 'p', 'u', 'v', 'w', 'x', 'x_alpha', 'xi', 'xx', 'y', 'yy']
Elapsed time so far = 27.884335041046143
Starting station 24
Rank 0 handling modes [0]
Finished computing mean flow
=============
Saving data...
=============
Data saved to nlpse_data/nlpse_data.h5
Keys in the saved file: ['R', 'U', 'Uy', 'V', 'alpha', 'eigs', 'p', 'u', 'v', 'w', 'x', 'x_alpha', 'xi', 'xx', 'y', 'yy']
Elapsed time so far = 28.94016456604004
Starting station 25
Rank 0 handling modes [0]
Finished computing mean flow
=============
Saving data...
=============
Data saved to nlpse_data/nlpse_data.h5
Keys in the saved file: ['R', 'U', 'Uy', 'V', 'alpha', 'eigs', 'p', 'u', 'v', 'w', 'x', 'x_alpha', 'xi', 'xx', 'y', 'yy']
Elapsed time so far = 29.889790296554565
Starting station 26
Rank 0 handling modes [0]
Finished computing mean flow
=============
Saving data...
=============
Data saved to nlpse_data/nlpse_data.h5
Keys in the saved file: ['R', 'U', 'Uy', 'V', 'alpha', 'eigs', 'p', 'u', 'v', 'w', 'x', 'x_alpha', 'xi', 'xx', 'y', 'yy']
Elapsed time so far = 30.8329758644104
Starting station 27
Rank 0 handling modes [0]
Finished computing mean flow
=============
Saving data...
=============
Data saved to nlpse_data/nlpse_data.h5
Keys in the saved file: ['R', 'U', 'Uy', 'V', 'alpha', 'eigs', 'p', 'u', 'v', 'w', 'x', 'x_alpha', 'xi', 'xx', 'y', 'yy']
Elapsed time so far = 31.837905645370483
Starting station 28
Rank 0 handling modes [0]
Finished computing mean flow
=============
Saving data...
=============
Data saved to nlpse_data/nlpse_data.h5
Keys in the saved file: ['R', 'U', 'Uy', 'V', 'alpha', 'eigs', 'p', 'u', 'v', 'w', 'x', 'x_alpha', 'xi', 'xx', 'y', 'yy']
Elapsed time so far = 32.88147759437561
Starting station 29
Rank 0 handling modes [0]
Finished computing mean flow
=============
Saving data...
=============
Data saved to nlpse_data/nlpse_data.h5
Keys in the saved file: ['R', 'U', 'Uy', 'V', 'alpha', 'eigs', 'p', 'u', 'v', 'w', 'x', 'x_alpha', 'xi', 'xx', 'y', 'yy']
Elapsed time so far = 33.7639639377594
Starting station 30
Rank 0 handling modes [0]
Finished computing mean flow
=============
Saving data...
=============
Data saved to nlpse_data/nlpse_data.h5
Keys in the saved file: ['R', 'U', 'Uy', 'V', 'alpha', 'eigs', 'p', 'u', 'v', 'w', 'x', 'x_alpha', 'xi', 'xx', 'y', 'yy']
Elapsed time so far = 34.509573459625244
Starting station 31
Rank 0 handling modes [0]
Finished computing mean flow
=============
Saving data...
=============
Data saved to nlpse_data/nlpse_data.h5
Keys in the saved file: ['R', 'U', 'Uy', 'V', 'alpha', 'eigs', 'p', 'u', 'v', 'w', 'x', 'x_alpha', 'xi', 'xx', 'y', 'yy']
Elapsed time so far = 35.32902002334595
Starting station 32
Rank 0 handling modes [0]
Finished computing mean flow
=============
Saving data...
=============
Data saved to nlpse_data/nlpse_data.h5
Keys in the saved file: ['R', 'U', 'Uy', 'V', 'alpha', 'eigs', 'p', 'u', 'v', 'w', 'x', 'x_alpha', 'xi', 'xx', 'y', 'yy']
Elapsed time so far = 36.02522897720337
Starting station 33
Rank 0 handling modes [0]
Finished computing mean flow
=============
Saving data...
=============
Data saved to nlpse_data/nlpse_data.h5
Keys in the saved file: ['R', 'U', 'Uy', 'V', 'alpha', 'eigs', 'p', 'u', 'v', 'w', 'x', 'x_alpha', 'xi', 'xx', 'y', 'yy']
Elapsed time so far = 36.831326723098755
Starting station 34
Rank 0 handling modes [0]
Finished computing mean flow
=============
Saving data...
=============
Data saved to nlpse_data/nlpse_data.h5
Keys in the saved file: ['R', 'U', 'Uy', 'V', 'alpha', 'eigs', 'p', 'u', 'v', 'w', 'x', 'x_alpha', 'xi', 'xx', 'y', 'yy']
Elapsed time so far = 37.73148202896118
Starting station 35
Rank 0 handling modes [0]
Finished computing mean flow
=============
Saving data...
=============
Data saved to nlpse_data/nlpse_data.h5
Keys in the saved file: ['R', 'U', 'Uy', 'V', 'alpha', 'eigs', 'p', 'u', 'v', 'w', 'x', 'x_alpha', 'xi', 'xx', 'y', 'yy']
Elapsed time so far = 38.23001027107239
Starting station 36
Rank 0 handling modes [0]
Finished computing mean flow
=============
Saving data...
=============
Data saved to nlpse_data/nlpse_data.h5
Keys in the saved file: ['R', 'U', 'Uy', 'V', 'alpha', 'eigs', 'p', 'u', 'v', 'w', 'x', 'x_alpha', 'xi', 'xx', 'y', 'yy']
Elapsed time so far = 38.763564586639404
Starting station 37
Rank 0 handling modes [0]
Finished computing mean flow
=============
Saving data...
=============
Data saved to nlpse_data/nlpse_data.h5
Keys in the saved file: ['R', 'U', 'Uy', 'V', 'alpha', 'eigs', 'p', 'u', 'v', 'w', 'x', 'x_alpha', 'xi', 'xx', 'y', 'yy']
Elapsed time so far = 39.17904567718506
Starting station 38
Rank 0 handling modes [0]
Finished computing mean flow
=============
Saving data...
=============
Data saved to nlpse_data/nlpse_data.h5
Keys in the saved file: ['R', 'U', 'Uy', 'V', 'alpha', 'eigs', 'p', 'u', 'v', 'w', 'x', 'x_alpha', 'xi', 'xx', 'y', 'yy']
Elapsed time so far = 39.7239134311676
Starting station 39
Rank 0 handling modes [0]
Finished computing mean flow
=============
Saving data...
=============
Data saved to nlpse_data/nlpse_data.h5
Keys in the saved file: ['R', 'U', 'Uy', 'V', 'alpha', 'eigs', 'p', 'u', 'v', 'w', 'x', 'x_alpha', 'xi', 'xx', 'y', 'yy']
Elapsed time so far = 40.27837061882019
Starting station 40
Rank 0 handling modes [0]
Finished computing mean flow
=============
Saving data...
=============
Data saved to nlpse_data/nlpse_data.h5
Keys in the saved file: ['R', 'U', 'Uy', 'V', 'alpha', 'eigs', 'p', 'u', 'v', 'w', 'x', 'x_alpha', 'xi', 'xx', 'y', 'yy']
Elapsed time so far = 41.07756304740906
Starting station 41
Rank 0 handling modes [0]
Finished computing mean flow
=============
Saving data...
=============
Data saved to nlpse_data/nlpse_data.h5
Keys in the saved file: ['R', 'U', 'Uy', 'V', 'alpha', 'eigs', 'p', 'u', 'v', 'w', 'x', 'x_alpha', 'xi', 'xx', 'y', 'yy']
Elapsed time so far = 41.4380304813385
Starting station 42
Rank 0 handling modes [0]
Finished computing mean flow
=============
Saving data...
=============
Data saved to nlpse_data/nlpse_data.h5
Keys in the saved file: ['R', 'U', 'Uy', 'V', 'alpha', 'eigs', 'p', 'u', 'v', 'w', 'x', 'x_alpha', 'xi', 'xx', 'y', 'yy']
Elapsed time so far = 42.11117696762085
Starting station 43
Rank 0 handling modes [0]
Finished computing mean flow
=============
Saving data...
=============
Data saved to nlpse_data/nlpse_data.h5
Keys in the saved file: ['R', 'U', 'Uy', 'V', 'alpha', 'eigs', 'p', 'u', 'v', 'w', 'x', 'x_alpha', 'xi', 'xx', 'y', 'yy']
Elapsed time so far = 43.06053042411804
Starting station 44
Rank 0 handling modes [0]
Finished computing mean flow
=============
Saving data...
=============
Data saved to nlpse_data/nlpse_data.h5
Keys in the saved file: ['R', 'U', 'Uy', 'V', 'alpha', 'eigs', 'p', 'u', 'v', 'w', 'x', 'x_alpha', 'xi', 'xx', 'y', 'yy']
Elapsed time so far = 43.88777995109558
Starting station 45
Rank 0 handling modes [0]
Finished computing mean flow
=============
Saving data...
=============
Data saved to nlpse_data/nlpse_data.h5
Keys in the saved file: ['R', 'U', 'Uy', 'V', 'alpha', 'eigs', 'p', 'u', 'v', 'w', 'x', 'x_alpha', 'xi', 'xx', 'y', 'yy']
Elapsed time so far = 44.92537569999695
Starting station 46
Rank 0 handling modes [0]
Finished computing mean flow
=============
Saving data...
=============
Data saved to nlpse_data/nlpse_data.h5
Keys in the saved file: ['R', 'U', 'Uy', 'V', 'alpha', 'eigs', 'p', 'u', 'v', 'w', 'x', 'x_alpha', 'xi', 'xx', 'y', 'yy']
Elapsed time so far = 45.85142755508423
Starting station 47
Rank 0 handling modes [0]
Finished computing mean flow
=============
Saving data...
=============
Data saved to nlpse_data/nlpse_data.h5
Keys in the saved file: ['R', 'U', 'Uy', 'V', 'alpha', 'eigs', 'p', 'u', 'v', 'w', 'x', 'x_alpha', 'xi', 'xx', 'y', 'yy']
Elapsed time so far = 46.56780958175659
Starting station 48
Rank 0 handling modes [0]
Finished computing mean flow
=============
Saving data...
=============
Data saved to nlpse_data/nlpse_data.h5
Keys in the saved file: ['R', 'U', 'Uy', 'V', 'alpha', 'eigs', 'p', 'u', 'v', 'w', 'x', 'x_alpha', 'xi', 'xx', 'y', 'yy']
Elapsed time so far = 47.613770484924316
Starting station 49
Rank 0 handling modes [0]
Finished computing mean flow
=============
Saving data...
=============
Data saved to nlpse_data/nlpse_data.h5
Keys in the saved file: ['R', 'U', 'Uy', 'V', 'alpha', 'eigs', 'p', 'u', 'v', 'w', 'x', 'x_alpha', 'xi', 'xx', 'y', 'yy']
Elapsed time so far = 48.50064826011658
Starting station 50
Rank 0 handling modes [0]
Finished computing mean flow
=============
Saving data...
=============
Data saved to nlpse_data/nlpse_data.h5
Keys in the saved file: ['R', 'U', 'Uy', 'V', 'alpha', 'eigs', 'p', 'u', 'v', 'w', 'x', 'x_alpha', 'xi', 'xx', 'y', 'yy']
Elapsed time so far = 49.370161056518555
Starting station 51
Rank 0 handling modes [0]
Finished computing mean flow
=============
Saving data...
=============
Data saved to nlpse_data/nlpse_data.h5
Keys in the saved file: ['R', 'U', 'Uy', 'V', 'alpha', 'eigs', 'p', 'u', 'v', 'w', 'x', 'x_alpha', 'xi', 'xx', 'y', 'yy']
Elapsed time so far = 49.95903253555298
Starting station 52
Rank 0 handling modes [0]
Finished computing mean flow
=============
Saving data...
=============
Data saved to nlpse_data/nlpse_data.h5
Keys in the saved file: ['R', 'U', 'Uy', 'V', 'alpha', 'eigs', 'p', 'u', 'v', 'w', 'x', 'x_alpha', 'xi', 'xx', 'y', 'yy']
Elapsed time so far = 50.522493839263916
Starting station 53
Rank 0 handling modes [0]
Finished computing mean flow
=============
Saving data...
=============
Data saved to nlpse_data/nlpse_data.h5
Keys in the saved file: ['R', 'U', 'Uy', 'V', 'alpha', 'eigs', 'p', 'u', 'v', 'w', 'x', 'x_alpha', 'xi', 'xx', 'y', 'yy']
Elapsed time so far = 50.84781336784363
Starting station 54
Rank 0 handling modes [0]
Finished computing mean flow
=============
Saving data...
=============
Data saved to nlpse_data/nlpse_data.h5
Keys in the saved file: ['R', 'U', 'Uy', 'V', 'alpha', 'eigs', 'p', 'u', 'v', 'w', 'x', 'x_alpha', 'xi', 'xx', 'y', 'yy']
Elapsed time so far = 51.580042123794556
Starting station 55
Rank 0 handling modes [0]
Finished computing mean flow
=============
Saving data...
=============
Data saved to nlpse_data/nlpse_data.h5
Keys in the saved file: ['R', 'U', 'Uy', 'V', 'alpha', 'eigs', 'p', 'u', 'v', 'w', 'x', 'x_alpha', 'xi', 'xx', 'y', 'yy']
Elapsed time so far = 52.59453558921814
Starting station 56
Rank 0 handling modes [0]
Finished computing mean flow
=============
Saving data...
=============
Data saved to nlpse_data/nlpse_data.h5
Keys in the saved file: ['R', 'U', 'Uy', 'V', 'alpha', 'eigs', 'p', 'u', 'v', 'w', 'x', 'x_alpha', 'xi', 'xx', 'y', 'yy']
Elapsed time so far = 53.455796003341675
Starting station 57
Rank 0 handling modes [0]
Finished computing mean flow
=============
Saving data...
=============
Data saved to nlpse_data/nlpse_data.h5
Keys in the saved file: ['R', 'U', 'Uy', 'V', 'alpha', 'eigs', 'p', 'u', 'v', 'w', 'x', 'x_alpha', 'xi', 'xx', 'y', 'yy']
Elapsed time so far = 54.29511213302612
Starting station 58
Rank 0 handling modes [0]
Finished computing mean flow
=============
Saving data...
=============
Data saved to nlpse_data/nlpse_data.h5
Keys in the saved file: ['R', 'U', 'Uy', 'V', 'alpha', 'eigs', 'p', 'u', 'v', 'w', 'x', 'x_alpha', 'xi', 'xx', 'y', 'yy']
Elapsed time so far = 55.295884132385254
Starting station 59
Rank 0 handling modes [0]
Finished computing mean flow
=============
Saving data...
=============
Data saved to nlpse_data/nlpse_data.h5
Keys in the saved file: ['R', 'U', 'Uy', 'V', 'alpha', 'eigs', 'p', 'u', 'v', 'w', 'x', 'x_alpha', 'xi', 'xx', 'y', 'yy']
Elapsed time so far = 56.05566668510437
Starting station 60
Rank 0 handling modes [0]
Finished computing mean flow
=============
Saving data...
=============
Data saved to nlpse_data/nlpse_data.h5
Keys in the saved file: ['R', 'U', 'Uy', 'V', 'alpha', 'eigs', 'p', 'u', 'v', 'w', 'x', 'x_alpha', 'xi', 'xx', 'y', 'yy']
Elapsed time so far = 56.78178691864014
Starting station 61
Rank 0 handling modes [0]
Finished computing mean flow
=============
Saving data...
=============
Data saved to nlpse_data/nlpse_data.h5
Keys in the saved file: ['R', 'U', 'Uy', 'V', 'alpha', 'eigs', 'p', 'u', 'v', 'w', 'x', 'x_alpha', 'xi', 'xx', 'y', 'yy']
Elapsed time so far = 57.764044761657715
Starting station 62
Rank 0 handling modes [0]
Finished computing mean flow
=============
Saving data...
=============
Data saved to nlpse_data/nlpse_data.h5
Keys in the saved file: ['R', 'U', 'Uy', 'V', 'alpha', 'eigs', 'p', 'u', 'v', 'w', 'x', 'x_alpha', 'xi', 'xx', 'y', 'yy']
Elapsed time so far = 58.39651274681091
Starting station 63
Rank 0 handling modes [0]
Finished computing mean flow
=============
Saving data...
=============
Data saved to nlpse_data/nlpse_data.h5
Keys in the saved file: ['R', 'U', 'Uy', 'V', 'alpha', 'eigs', 'p', 'u', 'v', 'w', 'x', 'x_alpha', 'xi', 'xx', 'y', 'yy']
Elapsed time so far = 59.35380482673645
Starting station 64
Rank 0 handling modes [0]
Finished computing mean flow
=============
Saving data...
=============
Data saved to nlpse_data/nlpse_data.h5
Keys in the saved file: ['R', 'U', 'Uy', 'V', 'alpha', 'eigs', 'p', 'u', 'v', 'w', 'x', 'x_alpha', 'xi', 'xx', 'y', 'yy']
Elapsed time so far = 60.3394341468811
Starting station 65
Rank 0 handling modes [0]
Finished computing mean flow
=============
Saving data...
=============
Data saved to nlpse_data/nlpse_data.h5
Keys in the saved file: ['R', 'U', 'Uy', 'V', 'alpha', 'eigs', 'p', 'u', 'v', 'w', 'x', 'x_alpha', 'xi', 'xx', 'y', 'yy']
Elapsed time so far = 61.33512091636658
Starting station 66
Rank 0 handling modes [0]
Finished computing mean flow
=============
Saving data...
=============
Data saved to nlpse_data/nlpse_data.h5
Keys in the saved file: ['R', 'U', 'Uy', 'V', 'alpha', 'eigs', 'p', 'u', 'v', 'w', 'x', 'x_alpha', 'xi', 'xx', 'y', 'yy']
Elapsed time so far = 62.219948291778564
Starting station 67
Rank 0 handling modes [0]
Finished computing mean flow
=============
Saving data...
=============
Data saved to nlpse_data/nlpse_data.h5
Keys in the saved file: ['R', 'U', 'Uy', 'V', 'alpha', 'eigs', 'p', 'u', 'v', 'w', 'x', 'x_alpha', 'xi', 'xx', 'y', 'yy']
Elapsed time so far = 63.122562885284424
Starting station 68
Rank 0 handling modes [0]
Finished computing mean flow
=============
Saving data...
=============
Data saved to nlpse_data/nlpse_data.h5
Keys in the saved file: ['R', 'U', 'Uy', 'V', 'alpha', 'eigs', 'p', 'u', 'v', 'w', 'x', 'x_alpha', 'xi', 'xx', 'y', 'yy']
Elapsed time so far = 63.94795274734497
Starting station 69
Rank 0 handling modes [0]
Finished computing mean flow
=============
Saving data...
=============
Data saved to nlpse_data/nlpse_data.h5
Keys in the saved file: ['R', 'U', 'Uy', 'V', 'alpha', 'eigs', 'p', 'u', 'v', 'w', 'x', 'x_alpha', 'xi', 'xx', 'y', 'yy']
Elapsed time so far = 64.70857954025269
Starting station 70
Rank 0 handling modes [0]
Finished computing mean flow
=============
Saving data...
=============
Data saved to nlpse_data/nlpse_data.h5
Keys in the saved file: ['R', 'U', 'Uy', 'V', 'alpha', 'eigs', 'p', 'u', 'v', 'w', 'x', 'x_alpha', 'xi', 'xx', 'y', 'yy']
Elapsed time so far = 65.5835690498352
Starting station 71
Rank 0 handling modes [0]
Finished computing mean flow
=============
Saving data...
=============
Data saved to nlpse_data/nlpse_data.h5
Keys in the saved file: ['R', 'U', 'Uy', 'V', 'alpha', 'eigs', 'p', 'u', 'v', 'w', 'x', 'x_alpha', 'xi', 'xx', 'y', 'yy']
Elapsed time so far = 66.52692222595215
Starting station 72
Rank 0 handling modes [0]
Finished computing mean flow
=============
Saving data...
=============
Data saved to nlpse_data/nlpse_data.h5
Keys in the saved file: ['R', 'U', 'Uy', 'V', 'alpha', 'eigs', 'p', 'u', 'v', 'w', 'x', 'x_alpha', 'xi', 'xx', 'y', 'yy']
Elapsed time so far = 67.37477660179138
Starting station 73
Rank 0 handling modes [0]
Finished computing mean flow
=============
Saving data...
=============
Data saved to nlpse_data/nlpse_data.h5
Keys in the saved file: ['R', 'U', 'Uy', 'V', 'alpha', 'eigs', 'p', 'u', 'v', 'w', 'x', 'x_alpha', 'xi', 'xx', 'y', 'yy']
Elapsed time so far = 68.50437068939209
Starting station 74
Rank 0 handling modes [0]
Finished computing mean flow
=============
Saving data...
=============
Data saved to nlpse_data/nlpse_data.h5
Keys in the saved file: ['R', 'U', 'Uy', 'V', 'alpha', 'eigs', 'p', 'u', 'v', 'w', 'x', 'x_alpha', 'xi', 'xx', 'y', 'yy']
Elapsed time so far = 69.37918281555176
Starting station 75
Rank 0 handling modes [0]
Finished computing mean flow
=============
Saving data...
=============
Data saved to nlpse_data/nlpse_data.h5
Keys in the saved file: ['R', 'U', 'Uy', 'V', 'alpha', 'eigs', 'p', 'u', 'v', 'w', 'x', 'x_alpha', 'xi', 'xx', 'y', 'yy']
Elapsed time so far = 70.3869845867157
Starting station 76
Rank 0 handling modes [0]
Finished computing mean flow
=============
Saving data...
=============
Data saved to nlpse_data/nlpse_data.h5
Keys in the saved file: ['R', 'U', 'Uy', 'V', 'alpha', 'eigs', 'p', 'u', 'v', 'w', 'x', 'x_alpha', 'xi', 'xx', 'y', 'yy']
Elapsed time so far = 71.04737186431885
Starting station 77
Rank 0 handling modes [0]
Finished computing mean flow
=============
Saving data...
=============
Data saved to nlpse_data/nlpse_data.h5
Keys in the saved file: ['R', 'U', 'Uy', 'V', 'alpha', 'eigs', 'p', 'u', 'v', 'w', 'x', 'x_alpha', 'xi', 'xx', 'y', 'yy']
Elapsed time so far = 72.04190874099731
Starting station 78
Rank 0 handling modes [0]
Finished computing mean flow
=============
Saving data...
=============
Data saved to nlpse_data/nlpse_data.h5
Keys in the saved file: ['R', 'U', 'Uy', 'V', 'alpha', 'eigs', 'p', 'u', 'v', 'w', 'x', 'x_alpha', 'xi', 'xx', 'y', 'yy']
Elapsed time so far = 73.28637409210205
Starting station 79
Rank 0 handling modes [0]
Finished computing mean flow
=============
Saving data...
=============
Data saved to nlpse_data/nlpse_data.h5
Keys in the saved file: ['R', 'U', 'Uy', 'V', 'alpha', 'eigs', 'p', 'u', 'v', 'w', 'x', 'x_alpha', 'xi', 'xx', 'y', 'yy']
Elapsed time so far = 74.30646920204163
Starting station 80
Rank 0 handling modes [0]
Finished computing mean flow
=============
Saving data...
=============
Data saved to nlpse_data/nlpse_data.h5
Keys in the saved file: ['R', 'U', 'Uy', 'V', 'alpha', 'eigs', 'p', 'u', 'v', 'w', 'x', 'x_alpha', 'xi', 'xx', 'y', 'yy']
Elapsed time so far = 75.55725502967834
Starting station 81
Rank 0 handling modes [0]
Finished computing mean flow
=============
Saving data...
=============
Data saved to nlpse_data/nlpse_data.h5
Keys in the saved file: ['R', 'U', 'Uy', 'V', 'alpha', 'eigs', 'p', 'u', 'v', 'w', 'x', 'x_alpha', 'xi', 'xx', 'y', 'yy']
Elapsed time so far = 77.09599232673645
Starting station 82
Rank 0 handling modes [0]
Finished computing mean flow
=============
Saving data...
=============
Data saved to nlpse_data/nlpse_data.h5
Keys in the saved file: ['R', 'U', 'Uy', 'V', 'alpha', 'eigs', 'p', 'u', 'v', 'w', 'x', 'x_alpha', 'xi', 'xx', 'y', 'yy']
Elapsed time so far = 78.67627334594727

Final xi location reached. Shutting down the simulation now...
Total elapsed time = 78.67644000053406
Finished glimPSE run
Wed Nov 13 16:57:14 PST 2024
