
          ___           ____  _____ ______
   ____ _/ (_)___ ___  / __ \/ ___// ____/
  / __ `/ / / __ `__ \/ /_/ /\__ \/ __/   
 / /_/ / / / / / / / / ____/___/ / /___   
 \__, /_/_/_/ /_/ /_/_/    /____/_____/   
/____/
             


Running with 2 ranks
Reading parameters from pse_config.yaml
Running with pressure gradient turned on
U Cartesian Shape: (290, 60)
U Curvilinear Shape: (290, 60)
Nondimensionalizing the flow field...
l0 = 0.00017046427985837386
U_inf = 20.494257167690883
X0 = 0.1588062863677858
Re = 931.6103438193982
nu nondim = 0.0010734101511799656
omega nondim = 0.09720621190145416
F = 104.34213461277169
GCL condition is NOT satisfied!
Max GCL error = 0.0018022240051937576
Mean GCL error = 0.00010700657632462615
Curved surface baseflow initialized

delta99 = 4.752647213185409
Initializing the NLPSE calculation with Linear solve

Rank 0 handling modes 0 to 0
Rank 1 handling modes 1 to 1
omega = 0.027932073
beta = 0.0
Initializing mode (1, 0) with LST
2 modes in this calculation:

Mode [0 0]: alpha = 0j
Mode [1 0]: alpha = (0.09414456076635884+0.004793609512804602j)
All ranks have finished initializing the NLPSE calculation

Solved station 0
Starting station 1
Rank 0 handling modes [0]
Finished computing mean flow
=============
Saving data...
=============
Data saved to nlpse_data/nlpse_data.h5
Keys in the saved file: ['R', 'U', 'Uy', 'V', 'alpha', 'eigs', 'p', 'u', 'v', 'w', 'x', 'x_alpha', 'xi', 'xx', 'y', 'yy']
Elapsed time so far = 7.38833475112915
Starting station 2
Rank 0 handling modes [0]
Finished computing mean flow
=============
Saving data...
=============
Data saved to nlpse_data/nlpse_data.h5
Keys in the saved file: ['R', 'U', 'Uy', 'V', 'alpha', 'eigs', 'p', 'u', 'v', 'w', 'x', 'x_alpha', 'xi', 'xx', 'y', 'yy']
Elapsed time so far = 7.633766174316406
Starting station 3
Rank 0 handling modes [0]
Finished computing mean flow
=============
Saving data...
=============
Data saved to nlpse_data/nlpse_data.h5
Keys in the saved file: ['R', 'U', 'Uy', 'V', 'alpha', 'eigs', 'p', 'u', 'v', 'w', 'x', 'x_alpha', 'xi', 'xx', 'y', 'yy']
Elapsed time so far = 8.321670293807983
Starting station 4
Rank 0 handling modes [0]
Finished computing mean flow
=============
Saving data...
=============
Data saved to nlpse_data/nlpse_data.h5
Keys in the saved file: ['R', 'U', 'Uy', 'V', 'alpha', 'eigs', 'p', 'u', 'v', 'w', 'x', 'x_alpha', 'xi', 'xx', 'y', 'yy']
Elapsed time so far = 8.913120031356812
Starting station 5
Rank 0 handling modes [0]
Finished computing mean flow
=============
Saving data...
=============
Data saved to nlpse_data/nlpse_data.h5
Keys in the saved file: ['R', 'U', 'Uy', 'V', 'alpha', 'eigs', 'p', 'u', 'v', 'w', 'x', 'x_alpha', 'xi', 'xx', 'y', 'yy']
Elapsed time so far = 9.288790225982666
Starting station 6
Rank 0 handling modes [0]
Finished computing mean flow
=============
Saving data...
=============
Data saved to nlpse_data/nlpse_data.h5
Keys in the saved file: ['R', 'U', 'Uy', 'V', 'alpha', 'eigs', 'p', 'u', 'v', 'w', 'x', 'x_alpha', 'xi', 'xx', 'y', 'yy']
Elapsed time so far = 9.841957092285156
Starting station 7
Rank 0 handling modes [0]
Finished computing mean flow
=============
Saving data...
=============
Data saved to nlpse_data/nlpse_data.h5
Keys in the saved file: ['R', 'U', 'Uy', 'V', 'alpha', 'eigs', 'p', 'u', 'v', 'w', 'x', 'x_alpha', 'xi', 'xx', 'y', 'yy']
Elapsed time so far = 10.497591733932495
Starting station 8
Rank 0 handling modes [0]
Finished computing mean flow
=============
Saving data...
=============
Data saved to nlpse_data/nlpse_data.h5
Keys in the saved file: ['R', 'U', 'Uy', 'V', 'alpha', 'eigs', 'p', 'u', 'v', 'w', 'x', 'x_alpha', 'xi', 'xx', 'y', 'yy']
Elapsed time so far = 11.344328880310059
Starting station 9
Rank 0 handling modes [0]
Finished computing mean flow
=============
Saving data...
=============
Data saved to nlpse_data/nlpse_data.h5
Keys in the saved file: ['R', 'U', 'Uy', 'V', 'alpha', 'eigs', 'p', 'u', 'v', 'w', 'x', 'x_alpha', 'xi', 'xx', 'y', 'yy']
Elapsed time so far = 12.25869107246399
Starting station 10
Rank 0 handling modes [0]
Finished computing mean flow
=============
Saving data...
=============
Data saved to nlpse_data/nlpse_data.h5
Keys in the saved file: ['R', 'U', 'Uy', 'V', 'alpha', 'eigs', 'p', 'u', 'v', 'w', 'x', 'x_alpha', 'xi', 'xx', 'y', 'yy']
Elapsed time so far = 12.952573299407959
Starting station 11
Rank 0 handling modes [0]
Finished computing mean flow
=============
Saving data...
=============
Data saved to nlpse_data/nlpse_data.h5
Keys in the saved file: ['R', 'U', 'Uy', 'V', 'alpha', 'eigs', 'p', 'u', 'v', 'w', 'x', 'x_alpha', 'xi', 'xx', 'y', 'yy']
Elapsed time so far = 13.920362949371338
Starting station 12
Rank 0 handling modes [0]
Finished computing mean flow
=============
Saving data...
=============
Data saved to nlpse_data/nlpse_data.h5
Keys in the saved file: ['R', 'U', 'Uy', 'V', 'alpha', 'eigs', 'p', 'u', 'v', 'w', 'x', 'x_alpha', 'xi', 'xx', 'y', 'yy']
Elapsed time so far = 14.964868307113647
Starting station 13
Rank 0 handling modes [0]
Finished computing mean flow
=============
Saving data...
=============
Data saved to nlpse_data/nlpse_data.h5
Keys in the saved file: ['R', 'U', 'Uy', 'V', 'alpha', 'eigs', 'p', 'u', 'v', 'w', 'x', 'x_alpha', 'xi', 'xx', 'y', 'yy']
Elapsed time so far = 15.877155065536499
Starting station 14
Rank 0 handling modes [0]
Finished computing mean flow
=============
Saving data...
=============
Data saved to nlpse_data/nlpse_data.h5
Keys in the saved file: ['R', 'U', 'Uy', 'V', 'alpha', 'eigs', 'p', 'u', 'v', 'w', 'x', 'x_alpha', 'xi', 'xx', 'y', 'yy']
Elapsed time so far = 16.902641534805298
Starting station 15
Rank 0 handling modes [0]
Finished computing mean flow
=============
Saving data...
=============
Data saved to nlpse_data/nlpse_data.h5
Keys in the saved file: ['R', 'U', 'Uy', 'V', 'alpha', 'eigs', 'p', 'u', 'v', 'w', 'x', 'x_alpha', 'xi', 'xx', 'y', 'yy']
Elapsed time so far = 17.843941688537598
Starting station 16
Rank 0 handling modes [0]
Finished computing mean flow
=============
Saving data...
=============
Data saved to nlpse_data/nlpse_data.h5
Keys in the saved file: ['R', 'U', 'Uy', 'V', 'alpha', 'eigs', 'p', 'u', 'v', 'w', 'x', 'x_alpha', 'xi', 'xx', 'y', 'yy']
Elapsed time so far = 18.86609935760498
Starting station 17
Rank 0 handling modes [0]
Finished computing mean flow
=============
Saving data...
=============
Data saved to nlpse_data/nlpse_data.h5
Keys in the saved file: ['R', 'U', 'Uy', 'V', 'alpha', 'eigs', 'p', 'u', 'v', 'w', 'x', 'x_alpha', 'xi', 'xx', 'y', 'yy']
Elapsed time so far = 19.767462491989136
Starting station 18
Rank 0 handling modes [0]
Finished computing mean flow
=============
Saving data...
=============
Data saved to nlpse_data/nlpse_data.h5
Keys in the saved file: ['R', 'U', 'Uy', 'V', 'alpha', 'eigs', 'p', 'u', 'v', 'w', 'x', 'x_alpha', 'xi', 'xx', 'y', 'yy']
Elapsed time so far = 20.69632577896118
Starting station 19
Rank 0 handling modes [0]
Finished computing mean flow
=============
Saving data...
=============
Data saved to nlpse_data/nlpse_data.h5
Keys in the saved file: ['R', 'U', 'Uy', 'V', 'alpha', 'eigs', 'p', 'u', 'v', 'w', 'x', 'x_alpha', 'xi', 'xx', 'y', 'yy']
Elapsed time so far = 21.42654514312744
Starting station 20
Rank 0 handling modes [0]
Finished computing mean flow
=============
Saving data...
=============
Data saved to nlpse_data/nlpse_data.h5
Keys in the saved file: ['R', 'U', 'Uy', 'V', 'alpha', 'eigs', 'p', 'u', 'v', 'w', 'x', 'x_alpha', 'xi', 'xx', 'y', 'yy']
Elapsed time so far = 22.354029655456543
Starting station 21
Rank 0 handling modes [0]
Finished computing mean flow
=============
Saving data...
=============
Data saved to nlpse_data/nlpse_data.h5
Keys in the saved file: ['R', 'U', 'Uy', 'V', 'alpha', 'eigs', 'p', 'u', 'v', 'w', 'x', 'x_alpha', 'xi', 'xx', 'y', 'yy']
Elapsed time so far = 23.21576237678528
Starting station 22
Rank 0 handling modes [0]
Finished computing mean flow
=============
Saving data...
=============
Data saved to nlpse_data/nlpse_data.h5
Keys in the saved file: ['R', 'U', 'Uy', 'V', 'alpha', 'eigs', 'p', 'u', 'v', 'w', 'x', 'x_alpha', 'xi', 'xx', 'y', 'yy']
Elapsed time so far = 24.201311588287354
Starting station 23
Rank 0 handling modes [0]
Finished computing mean flow
=============
Saving data...
=============
Data saved to nlpse_data/nlpse_data.h5
Keys in the saved file: ['R', 'U', 'Uy', 'V', 'alpha', 'eigs', 'p', 'u', 'v', 'w', 'x', 'x_alpha', 'xi', 'xx', 'y', 'yy']
Elapsed time so far = 25.231831789016724
Starting station 24
Rank 0 handling modes [0]
Finished computing mean flow
=============
Saving data...
=============
Data saved to nlpse_data/nlpse_data.h5
Keys in the saved file: ['R', 'U', 'Uy', 'V', 'alpha', 'eigs', 'p', 'u', 'v', 'w', 'x', 'x_alpha', 'xi', 'xx', 'y', 'yy']
Elapsed time so far = 26.099726676940918
Starting station 25
Rank 0 handling modes [0]
Finished computing mean flow
=============
Saving data...
=============
Data saved to nlpse_data/nlpse_data.h5
Keys in the saved file: ['R', 'U', 'Uy', 'V', 'alpha', 'eigs', 'p', 'u', 'v', 'w', 'x', 'x_alpha', 'xi', 'xx', 'y', 'yy']
Elapsed time so far = 26.9673969745636
Starting station 26
Rank 0 handling modes [0]
Finished computing mean flow
=============
Saving data...
=============
Data saved to nlpse_data/nlpse_data.h5
Keys in the saved file: ['R', 'U', 'Uy', 'V', 'alpha', 'eigs', 'p', 'u', 'v', 'w', 'x', 'x_alpha', 'xi', 'xx', 'y', 'yy']
Elapsed time so far = 27.79359459877014
Starting station 27
Rank 0 handling modes [0]
Finished computing mean flow
=============
Saving data...
=============
Data saved to nlpse_data/nlpse_data.h5
Keys in the saved file: ['R', 'U', 'Uy', 'V', 'alpha', 'eigs', 'p', 'u', 'v', 'w', 'x', 'x_alpha', 'xi', 'xx', 'y', 'yy']
Elapsed time so far = 28.73634123802185
Starting station 28
Rank 0 handling modes [0]
Finished computing mean flow
=============
Saving data...
=============
Data saved to nlpse_data/nlpse_data.h5
Keys in the saved file: ['R', 'U', 'Uy', 'V', 'alpha', 'eigs', 'p', 'u', 'v', 'w', 'x', 'x_alpha', 'xi', 'xx', 'y', 'yy']
Elapsed time so far = 29.410279273986816
Starting station 29
Rank 0 handling modes [0]
Finished computing mean flow
=============
Saving data...
=============
Data saved to nlpse_data/nlpse_data.h5
Keys in the saved file: ['R', 'U', 'Uy', 'V', 'alpha', 'eigs', 'p', 'u', 'v', 'w', 'x', 'x_alpha', 'xi', 'xx', 'y', 'yy']
Elapsed time so far = 29.653559923171997
Starting station 30
Rank 0 handling modes [0]
Finished computing mean flow
=============
Saving data...
=============
Data saved to nlpse_data/nlpse_data.h5
Keys in the saved file: ['R', 'U', 'Uy', 'V', 'alpha', 'eigs', 'p', 'u', 'v', 'w', 'x', 'x_alpha', 'xi', 'xx', 'y', 'yy']
Elapsed time so far = 30.598177433013916
Starting station 31
Rank 0 handling modes [0]
Finished computing mean flow
=============
Saving data...
=============
Data saved to nlpse_data/nlpse_data.h5
Keys in the saved file: ['R', 'U', 'Uy', 'V', 'alpha', 'eigs', 'p', 'u', 'v', 'w', 'x', 'x_alpha', 'xi', 'xx', 'y', 'yy']
Elapsed time so far = 31.501526594161987
Starting station 32
Rank 0 handling modes [0]
Finished computing mean flow
=============
Saving data...
=============
Data saved to nlpse_data/nlpse_data.h5
Keys in the saved file: ['R', 'U', 'Uy', 'V', 'alpha', 'eigs', 'p', 'u', 'v', 'w', 'x', 'x_alpha', 'xi', 'xx', 'y', 'yy']
Elapsed time so far = 32.311001777648926
Starting station 33
Rank 0 handling modes [0]
Finished computing mean flow
=============
Saving data...
=============
Data saved to nlpse_data/nlpse_data.h5
Keys in the saved file: ['R', 'U', 'Uy', 'V', 'alpha', 'eigs', 'p', 'u', 'v', 'w', 'x', 'x_alpha', 'xi', 'xx', 'y', 'yy']
Elapsed time so far = 32.7346408367157
Starting station 34
Rank 0 handling modes [0]
Finished computing mean flow
=============
Saving data...
=============
Data saved to nlpse_data/nlpse_data.h5
Keys in the saved file: ['R', 'U', 'Uy', 'V', 'alpha', 'eigs', 'p', 'u', 'v', 'w', 'x', 'x_alpha', 'xi', 'xx', 'y', 'yy']
Elapsed time so far = 32.97578501701355
Starting station 35
Rank 0 handling modes [0]
Finished computing mean flow
=============
Saving data...
=============
Data saved to nlpse_data/nlpse_data.h5
Keys in the saved file: ['R', 'U', 'Uy', 'V', 'alpha', 'eigs', 'p', 'u', 'v', 'w', 'x', 'x_alpha', 'xi', 'xx', 'y', 'yy']
Elapsed time so far = 33.8384895324707
Starting station 36
Rank 0 handling modes [0]
Finished computing mean flow
=============
Saving data...
=============
Data saved to nlpse_data/nlpse_data.h5
Keys in the saved file: ['R', 'U', 'Uy', 'V', 'alpha', 'eigs', 'p', 'u', 'v', 'w', 'x', 'x_alpha', 'xi', 'xx', 'y', 'yy']
Elapsed time so far = 34.58263158798218
Starting station 37
Rank 0 handling modes [0]
Finished computing mean flow
=============
Saving data...
=============
Data saved to nlpse_data/nlpse_data.h5
Keys in the saved file: ['R', 'U', 'Uy', 'V', 'alpha', 'eigs', 'p', 'u', 'v', 'w', 'x', 'x_alpha', 'xi', 'xx', 'y', 'yy']
Elapsed time so far = 35.38581323623657
Starting station 38
Rank 0 handling modes [0]
Finished computing mean flow
=============
Saving data...
=============
Data saved to nlpse_data/nlpse_data.h5
Keys in the saved file: ['R', 'U', 'Uy', 'V', 'alpha', 'eigs', 'p', 'u', 'v', 'w', 'x', 'x_alpha', 'xi', 'xx', 'y', 'yy']
Elapsed time so far = 36.182474851608276
Starting station 39
Rank 0 handling modes [0]
Finished computing mean flow
=============
Saving data...
=============
Data saved to nlpse_data/nlpse_data.h5
Keys in the saved file: ['R', 'U', 'Uy', 'V', 'alpha', 'eigs', 'p', 'u', 'v', 'w', 'x', 'x_alpha', 'xi', 'xx', 'y', 'yy']
Elapsed time so far = 37.02470684051514
Starting station 40
Rank 0 handling modes [0]
Finished computing mean flow
=============
Saving data...
=============
Data saved to nlpse_data/nlpse_data.h5
Keys in the saved file: ['R', 'U', 'Uy', 'V', 'alpha', 'eigs', 'p', 'u', 'v', 'w', 'x', 'x_alpha', 'xi', 'xx', 'y', 'yy']
Elapsed time so far = 37.76154375076294
Starting station 41
Rank 0 handling modes [0]
Finished computing mean flow
=============
Saving data...
=============
Data saved to nlpse_data/nlpse_data.h5
Keys in the saved file: ['R', 'U', 'Uy', 'V', 'alpha', 'eigs', 'p', 'u', 'v', 'w', 'x', 'x_alpha', 'xi', 'xx', 'y', 'yy']
Elapsed time so far = 38.814088582992554
Starting station 42
Rank 0 handling modes [0]
Finished computing mean flow
=============
Saving data...
=============
Data saved to nlpse_data/nlpse_data.h5
Keys in the saved file: ['R', 'U', 'Uy', 'V', 'alpha', 'eigs', 'p', 'u', 'v', 'w', 'x', 'x_alpha', 'xi', 'xx', 'y', 'yy']
Elapsed time so far = 39.52283811569214
Starting station 43
Rank 0 handling modes [0]
Finished computing mean flow
=============
Saving data...
=============
Data saved to nlpse_data/nlpse_data.h5
Keys in the saved file: ['R', 'U', 'Uy', 'V', 'alpha', 'eigs', 'p', 'u', 'v', 'w', 'x', 'x_alpha', 'xi', 'xx', 'y', 'yy']
Elapsed time so far = 40.16532254219055
Starting station 44
Rank 0 handling modes [0]
Finished computing mean flow
=============
Saving data...
=============
Data saved to nlpse_data/nlpse_data.h5
Keys in the saved file: ['R', 'U', 'Uy', 'V', 'alpha', 'eigs', 'p', 'u', 'v', 'w', 'x', 'x_alpha', 'xi', 'xx', 'y', 'yy']
Elapsed time so far = 40.99109411239624
Starting station 45
Rank 0 handling modes [0]
Finished computing mean flow
=============
Saving data...
=============
Data saved to nlpse_data/nlpse_data.h5
Keys in the saved file: ['R', 'U', 'Uy', 'V', 'alpha', 'eigs', 'p', 'u', 'v', 'w', 'x', 'x_alpha', 'xi', 'xx', 'y', 'yy']
Elapsed time so far = 41.5193829536438
Starting station 46
Rank 0 handling modes [0]
Finished computing mean flow
=============
Saving data...
=============
Data saved to nlpse_data/nlpse_data.h5
Keys in the saved file: ['R', 'U', 'Uy', 'V', 'alpha', 'eigs', 'p', 'u', 'v', 'w', 'x', 'x_alpha', 'xi', 'xx', 'y', 'yy']
Elapsed time so far = 42.13249182701111
Starting station 47
Rank 0 handling modes [0]
Finished computing mean flow
=============
Saving data...
=============
Data saved to nlpse_data/nlpse_data.h5
Keys in the saved file: ['R', 'U', 'Uy', 'V', 'alpha', 'eigs', 'p', 'u', 'v', 'w', 'x', 'x_alpha', 'xi', 'xx', 'y', 'yy']
Elapsed time so far = 42.895745277404785
Starting station 48
Rank 0 handling modes [0]
Finished computing mean flow
=============
Saving data...
=============
Data saved to nlpse_data/nlpse_data.h5
Keys in the saved file: ['R', 'U', 'Uy', 'V', 'alpha', 'eigs', 'p', 'u', 'v', 'w', 'x', 'x_alpha', 'xi', 'xx', 'y', 'yy']
Elapsed time so far = 43.664870738983154
Starting station 49
Rank 0 handling modes [0]
Finished computing mean flow
=============
Saving data...
=============
Data saved to nlpse_data/nlpse_data.h5
Keys in the saved file: ['R', 'U', 'Uy', 'V', 'alpha', 'eigs', 'p', 'u', 'v', 'w', 'x', 'x_alpha', 'xi', 'xx', 'y', 'yy']
Elapsed time so far = 44.32970309257507
Starting station 50
Rank 0 handling modes [0]
Finished computing mean flow
=============
Saving data...
=============
Data saved to nlpse_data/nlpse_data.h5
Keys in the saved file: ['R', 'U', 'Uy', 'V', 'alpha', 'eigs', 'p', 'u', 'v', 'w', 'x', 'x_alpha', 'xi', 'xx', 'y', 'yy']
Elapsed time so far = 45.11119866371155
Starting station 51
Rank 0 handling modes [0]
Finished computing mean flow
=============
Saving data...
=============
Data saved to nlpse_data/nlpse_data.h5
Keys in the saved file: ['R', 'U', 'Uy', 'V', 'alpha', 'eigs', 'p', 'u', 'v', 'w', 'x', 'x_alpha', 'xi', 'xx', 'y', 'yy']
Elapsed time so far = 45.771652698516846
Starting station 52
Rank 0 handling modes [0]
Finished computing mean flow
=============
Saving data...
=============
Data saved to nlpse_data/nlpse_data.h5
Keys in the saved file: ['R', 'U', 'Uy', 'V', 'alpha', 'eigs', 'p', 'u', 'v', 'w', 'x', 'x_alpha', 'xi', 'xx', 'y', 'yy']
Elapsed time so far = 46.22095465660095
Starting station 53
Rank 0 handling modes [0]
Finished computing mean flow
=============
Saving data...
=============
Data saved to nlpse_data/nlpse_data.h5
Keys in the saved file: ['R', 'U', 'Uy', 'V', 'alpha', 'eigs', 'p', 'u', 'v', 'w', 'x', 'x_alpha', 'xi', 'xx', 'y', 'yy']
Elapsed time so far = 46.97340798377991
Starting station 54
Rank 0 handling modes [0]
Finished computing mean flow
=============
Saving data...
=============
Data saved to nlpse_data/nlpse_data.h5
Keys in the saved file: ['R', 'U', 'Uy', 'V', 'alpha', 'eigs', 'p', 'u', 'v', 'w', 'x', 'x_alpha', 'xi', 'xx', 'y', 'yy']
Elapsed time so far = 47.63652443885803
Starting station 55
Rank 0 handling modes [0]
Finished computing mean flow
=============
Saving data...
=============
Data saved to nlpse_data/nlpse_data.h5
Keys in the saved file: ['R', 'U', 'Uy', 'V', 'alpha', 'eigs', 'p', 'u', 'v', 'w', 'x', 'x_alpha', 'xi', 'xx', 'y', 'yy']
Elapsed time so far = 48.15648126602173
Starting station 56
Rank 0 handling modes [0]
Finished computing mean flow
=============
Saving data...
=============
Data saved to nlpse_data/nlpse_data.h5
Keys in the saved file: ['R', 'U', 'Uy', 'V', 'alpha', 'eigs', 'p', 'u', 'v', 'w', 'x', 'x_alpha', 'xi', 'xx', 'y', 'yy']
Elapsed time so far = 48.979941844940186
Starting station 57
Rank 0 handling modes [0]
Finished computing mean flow
=============
Saving data...
=============
Data saved to nlpse_data/nlpse_data.h5
Keys in the saved file: ['R', 'U', 'Uy', 'V', 'alpha', 'eigs', 'p', 'u', 'v', 'w', 'x', 'x_alpha', 'xi', 'xx', 'y', 'yy']
Elapsed time so far = 49.94587993621826
Starting station 58
Rank 0 handling modes [0]
Finished computing mean flow
=============
Saving data...
=============
Data saved to nlpse_data/nlpse_data.h5
Keys in the saved file: ['R', 'U', 'Uy', 'V', 'alpha', 'eigs', 'p', 'u', 'v', 'w', 'x', 'x_alpha', 'xi', 'xx', 'y', 'yy']
Elapsed time so far = 50.91451406478882
Starting station 59
Rank 0 handling modes [0]
Finished computing mean flow
=============
Saving data...
=============
Data saved to nlpse_data/nlpse_data.h5
Keys in the saved file: ['R', 'U', 'Uy', 'V', 'alpha', 'eigs', 'p', 'u', 'v', 'w', 'x', 'x_alpha', 'xi', 'xx', 'y', 'yy']
Elapsed time so far = 51.55033254623413
Starting station 60
Rank 0 handling modes [0]
Finished computing mean flow
=============
Saving data...
=============
Data saved to nlpse_data/nlpse_data.h5
Keys in the saved file: ['R', 'U', 'Uy', 'V', 'alpha', 'eigs', 'p', 'u', 'v', 'w', 'x', 'x_alpha', 'xi', 'xx', 'y', 'yy']
Elapsed time so far = 52.331801414489746
Starting station 61
Rank 0 handling modes [0]
Finished computing mean flow
=============
Saving data...
=============
Data saved to nlpse_data/nlpse_data.h5
Keys in the saved file: ['R', 'U', 'Uy', 'V', 'alpha', 'eigs', 'p', 'u', 'v', 'w', 'x', 'x_alpha', 'xi', 'xx', 'y', 'yy']
Elapsed time so far = 53.32649827003479
Starting station 62
Rank 0 handling modes [0]
Finished computing mean flow
=============
Saving data...
=============
Data saved to nlpse_data/nlpse_data.h5
Keys in the saved file: ['R', 'U', 'Uy', 'V', 'alpha', 'eigs', 'p', 'u', 'v', 'w', 'x', 'x_alpha', 'xi', 'xx', 'y', 'yy']
Elapsed time so far = 54.05299091339111
Starting station 63
Rank 0 handling modes [0]
Finished computing mean flow
=============
Saving data...
=============
Data saved to nlpse_data/nlpse_data.h5
Keys in the saved file: ['R', 'U', 'Uy', 'V', 'alpha', 'eigs', 'p', 'u', 'v', 'w', 'x', 'x_alpha', 'xi', 'xx', 'y', 'yy']
Elapsed time so far = 54.81027126312256
Starting station 64
Rank 0 handling modes [0]
Finished computing mean flow
=============
Saving data...
=============
Data saved to nlpse_data/nlpse_data.h5
Keys in the saved file: ['R', 'U', 'Uy', 'V', 'alpha', 'eigs', 'p', 'u', 'v', 'w', 'x', 'x_alpha', 'xi', 'xx', 'y', 'yy']
Elapsed time so far = 55.88902568817139
Starting station 65
Rank 0 handling modes [0]
Finished computing mean flow
=============
Saving data...
=============
Data saved to nlpse_data/nlpse_data.h5
Keys in the saved file: ['R', 'U', 'Uy', 'V', 'alpha', 'eigs', 'p', 'u', 'v', 'w', 'x', 'x_alpha', 'xi', 'xx', 'y', 'yy']
Elapsed time so far = 56.71683216094971
Starting station 66
Rank 0 handling modes [0]
Finished computing mean flow
=============
Saving data...
=============
Data saved to nlpse_data/nlpse_data.h5
Keys in the saved file: ['R', 'U', 'Uy', 'V', 'alpha', 'eigs', 'p', 'u', 'v', 'w', 'x', 'x_alpha', 'xi', 'xx', 'y', 'yy']
Elapsed time so far = 57.62915635108948
Starting station 67
Rank 0 handling modes [0]
Finished computing mean flow
=============
Saving data...
=============
Data saved to nlpse_data/nlpse_data.h5
Keys in the saved file: ['R', 'U', 'Uy', 'V', 'alpha', 'eigs', 'p', 'u', 'v', 'w', 'x', 'x_alpha', 'xi', 'xx', 'y', 'yy']
Elapsed time so far = 58.62594413757324
Starting station 68
Rank 0 handling modes [0]
Finished computing mean flow
=============
Saving data...
=============
Data saved to nlpse_data/nlpse_data.h5
Keys in the saved file: ['R', 'U', 'Uy', 'V', 'alpha', 'eigs', 'p', 'u', 'v', 'w', 'x', 'x_alpha', 'xi', 'xx', 'y', 'yy']
Elapsed time so far = 59.612788915634155
Starting station 69
Rank 0 handling modes [0]
Finished computing mean flow
=============
Saving data...
=============
Data saved to nlpse_data/nlpse_data.h5
Keys in the saved file: ['R', 'U', 'Uy', 'V', 'alpha', 'eigs', 'p', 'u', 'v', 'w', 'x', 'x_alpha', 'xi', 'xx', 'y', 'yy']
Elapsed time so far = 60.4545533657074
Starting station 70
Rank 0 handling modes [0]
Finished computing mean flow
=============
Saving data...
=============
Data saved to nlpse_data/nlpse_data.h5
Keys in the saved file: ['R', 'U', 'Uy', 'V', 'alpha', 'eigs', 'p', 'u', 'v', 'w', 'x', 'x_alpha', 'xi', 'xx', 'y', 'yy']
Elapsed time so far = 61.369508504867554
Starting station 71
Rank 0 handling modes [0]
Finished computing mean flow
=============
Saving data...
=============
Data saved to nlpse_data/nlpse_data.h5
Keys in the saved file: ['R', 'U', 'Uy', 'V', 'alpha', 'eigs', 'p', 'u', 'v', 'w', 'x', 'x_alpha', 'xi', 'xx', 'y', 'yy']
Elapsed time so far = 62.354501247406006
Starting station 72
Rank 0 handling modes [0]
Finished computing mean flow
=============
Saving data...
=============
Data saved to nlpse_data/nlpse_data.h5
Keys in the saved file: ['R', 'U', 'Uy', 'V', 'alpha', 'eigs', 'p', 'u', 'v', 'w', 'x', 'x_alpha', 'xi', 'xx', 'y', 'yy']
Elapsed time so far = 63.3127498626709
Starting station 73
Rank 0 handling modes [0]
Finished computing mean flow
=============
Saving data...
=============
Data saved to nlpse_data/nlpse_data.h5
Keys in the saved file: ['R', 'U', 'Uy', 'V', 'alpha', 'eigs', 'p', 'u', 'v', 'w', 'x', 'x_alpha', 'xi', 'xx', 'y', 'yy']
Elapsed time so far = 64.31283211708069
Starting station 74
Rank 0 handling modes [0]
Finished computing mean flow
=============
Saving data...
=============
Data saved to nlpse_data/nlpse_data.h5
Keys in the saved file: ['R', 'U', 'Uy', 'V', 'alpha', 'eigs', 'p', 'u', 'v', 'w', 'x', 'x_alpha', 'xi', 'xx', 'y', 'yy']
Elapsed time so far = 65.34867858886719
Starting station 75
Rank 0 handling modes [0]
Finished computing mean flow
=============
Saving data...
=============
Data saved to nlpse_data/nlpse_data.h5
Keys in the saved file: ['R', 'U', 'Uy', 'V', 'alpha', 'eigs', 'p', 'u', 'v', 'w', 'x', 'x_alpha', 'xi', 'xx', 'y', 'yy']
Elapsed time so far = 66.41179370880127
Starting station 76
Rank 0 handling modes [0]
Finished computing mean flow
=============
Saving data...
=============
Data saved to nlpse_data/nlpse_data.h5
Keys in the saved file: ['R', 'U', 'Uy', 'V', 'alpha', 'eigs', 'p', 'u', 'v', 'w', 'x', 'x_alpha', 'xi', 'xx', 'y', 'yy']
Elapsed time so far = 67.34122610092163
Starting station 77
Rank 0 handling modes [0]
Finished computing mean flow
=============
Saving data...
=============
Data saved to nlpse_data/nlpse_data.h5
Keys in the saved file: ['R', 'U', 'Uy', 'V', 'alpha', 'eigs', 'p', 'u', 'v', 'w', 'x', 'x_alpha', 'xi', 'xx', 'y', 'yy']
Elapsed time so far = 68.54699516296387
Starting station 78
Rank 0 handling modes [0]
Finished computing mean flow
=============
Saving data...
=============
Data saved to nlpse_data/nlpse_data.h5
Keys in the saved file: ['R', 'U', 'Uy', 'V', 'alpha', 'eigs', 'p', 'u', 'v', 'w', 'x', 'x_alpha', 'xi', 'xx', 'y', 'yy']
Elapsed time so far = 69.8134286403656
Starting station 79
Rank 0 handling modes [0]
Finished computing mean flow
=============
Saving data...
=============
Data saved to nlpse_data/nlpse_data.h5
Keys in the saved file: ['R', 'U', 'Uy', 'V', 'alpha', 'eigs', 'p', 'u', 'v', 'w', 'x', 'x_alpha', 'xi', 'xx', 'y', 'yy']
Elapsed time so far = 70.84117603302002
Starting station 80
Rank 0 handling modes [0]
Finished computing mean flow
=============
Saving data...
=============
Data saved to nlpse_data/nlpse_data.h5
Keys in the saved file: ['R', 'U', 'Uy', 'V', 'alpha', 'eigs', 'p', 'u', 'v', 'w', 'x', 'x_alpha', 'xi', 'xx', 'y', 'yy']
Elapsed time so far = 72.15714502334595
Starting station 81
Rank 0 handling modes [0]
Finished computing mean flow
=============
Saving data...
=============
Data saved to nlpse_data/nlpse_data.h5
Keys in the saved file: ['R', 'U', 'Uy', 'V', 'alpha', 'eigs', 'p', 'u', 'v', 'w', 'x', 'x_alpha', 'xi', 'xx', 'y', 'yy']
Elapsed time so far = 73.45826554298401
Starting station 82
Rank 0 handling modes [0]
Finished computing mean flow
=============
Saving data...
=============
Data saved to nlpse_data/nlpse_data.h5
Keys in the saved file: ['R', 'U', 'Uy', 'V', 'alpha', 'eigs', 'p', 'u', 'v', 'w', 'x', 'x_alpha', 'xi', 'xx', 'y', 'yy']
Elapsed time so far = 74.83359146118164

Final xi location reached. Shutting down the simulation now...
Total elapsed time = 74.83364057540894
Finished glimPSE run
Wed Nov 13 16:57:12 PST 2024
